<?xml version="1.0" encoding="UTF-8"?>
<!-- Generated by org.testng.reporters.JUnitXMLReporter -->
<testsuite ignored="0" hostname="pings-mac-mini.lan" failures="0" tests="6" name="Default test" time="2.891" errors="0" timestamp="2023-07-28T00:55:03 EDT">
  <testcase classname="JiraAPI" name="JiraIssueCreate" time="1.085"/>
  <testcase classname="JiraAPI" name="JiraIssueUpdate" time="0.386"/>
  <testcase classname="JiraAPI" name="JiraIssueCommentCreate" time="0.227"/>
  <testcase classname="JiraAPI" name="JiraIssueCommentCreateUsingPojo" time="0.337"/>
  <testcase classname="JiraAPI" name="JiraIssueGet" time="0.164"/>
  <testcase classname="JiraAPI" name="JiraIssueDelete" time="0.441"/>
</testsuite> <!-- Default test -->
