<?xml version="1.0" encoding="UTF-8"?>
<testng-results ignored="0" total="6" passed="6" failed="0" skipped="0">
  <reporter-output>
  </reporter-output>
  <suite started-at="2023-07-28T00:55:01 EDT" name="Default suite" finished-at="2023-07-28T00:55:03 EDT" duration-ms="2891">
    <groups>
    </groups>
    <test started-at="2023-07-28T00:55:01 EDT" name="Default test" finished-at="2023-07-28T00:55:03 EDT" duration-ms="2891">
      <class name="JiraAPI">
        <test-method is-config="true" signature="setup()[pri:0, instance:JiraAPI@5bd03f44]" started-at="2023-07-28T00:55:01 EDT" name="setup" finished-at="2023-07-28T00:55:01 EDT" duration-ms="199" status="PASS">
          <reporter-output>
          </reporter-output>
        </test-method> <!-- setup -->
        <test-method signature="JiraIssueCreate()[pri:1, instance:JiraAPI@5bd03f44]" started-at="2023-07-28T00:55:01 EDT" name="JiraIssueCreate" finished-at="2023-07-28T00:55:02 EDT" duration-ms="1085" status="PASS">
          <reporter-output>
          </reporter-output>
        </test-method> <!-- JiraIssueCreate -->
        <test-method is-config="true" signature="print()[pri:0, instance:JiraAPI@5bd03f44]" started-at="2023-07-28T00:55:02 EDT" name="print" finished-at="2023-07-28T00:55:02 EDT" duration-ms="8" status="PASS">
          <reporter-output>
          </reporter-output>
        </test-method> <!-- print -->
        <test-method signature="JiraIssueUpdate()[pri:2, instance:JiraAPI@5bd03f44]" started-at="2023-07-28T00:55:02 EDT" name="JiraIssueUpdate" finished-at="2023-07-28T00:55:02 EDT" duration-ms="386" status="PASS">
          <reporter-output>
          </reporter-output>
        </test-method> <!-- JiraIssueUpdate -->
        <test-method is-config="true" signature="print()[pri:0, instance:JiraAPI@5bd03f44]" started-at="2023-07-28T00:55:02 EDT" name="print" finished-at="2023-07-28T00:55:02 EDT" duration-ms="1" status="PASS">
          <reporter-output>
          </reporter-output>
        </test-method> <!-- print -->
        <test-method signature="JiraIssueCommentCreate()[pri:3, instance:JiraAPI@5bd03f44]" started-at="2023-07-28T00:55:02 EDT" name="JiraIssueCommentCreate" finished-at="2023-07-28T00:55:02 EDT" duration-ms="227" status="PASS">
          <reporter-output>
          </reporter-output>
        </test-method> <!-- JiraIssueCommentCreate -->
        <test-method is-config="true" signature="print()[pri:0, instance:JiraAPI@5bd03f44]" started-at="2023-07-28T00:55:02 EDT" name="print" finished-at="2023-07-28T00:55:02 EDT" duration-ms="6" status="PASS">
          <reporter-output>
          </reporter-output>
        </test-method> <!-- print -->
        <test-method signature="JiraIssueCommentCreateUsingPojo()[pri:4, instance:JiraAPI@5bd03f44]" started-at="2023-07-28T00:55:02 EDT" name="JiraIssueCommentCreateUsingPojo" finished-at="2023-07-28T00:55:03 EDT" duration-ms="337" status="PASS">
          <reporter-output>
          </reporter-output>
        </test-method> <!-- JiraIssueCommentCreateUsingPojo -->
        <test-method is-config="true" signature="print()[pri:0, instance:JiraAPI@5bd03f44]" started-at="2023-07-28T00:55:03 EDT" name="print" finished-at="2023-07-28T00:55:03 EDT" duration-ms="4" status="PASS">
          <reporter-output>
          </reporter-output>
        </test-method> <!-- print -->
        <test-method signature="JiraIssueGet()[pri:5, instance:JiraAPI@5bd03f44]" started-at="2023-07-28T00:55:03 EDT" name="JiraIssueGet" finished-at="2023-07-28T00:55:03 EDT" duration-ms="164" status="PASS">
          <reporter-output>
          </reporter-output>
        </test-method> <!-- JiraIssueGet -->
        <test-method is-config="true" signature="print()[pri:0, instance:JiraAPI@5bd03f44]" started-at="2023-07-28T00:55:03 EDT" name="print" finished-at="2023-07-28T00:55:03 EDT" duration-ms="3" status="PASS">
          <reporter-output>
          </reporter-output>
        </test-method> <!-- print -->
        <test-method signature="JiraIssueDelete()[pri:0, instance:JiraAPI@5bd03f44]" started-at="2023-07-28T00:55:03 EDT" name="JiraIssueDelete" finished-at="2023-07-28T00:55:03 EDT" depends-on-methods="JiraAPI.JiraIssueGet" duration-ms="441" status="PASS">
          <reporter-output>
          </reporter-output>
        </test-method> <!-- JiraIssueDelete -->
        <test-method is-config="true" signature="print()[pri:0, instance:JiraAPI@5bd03f44]" started-at="2023-07-28T00:55:03 EDT" name="print" finished-at="2023-07-28T00:55:03 EDT" duration-ms="1" status="PASS">
          <reporter-output>
          </reporter-output>
        </test-method> <!-- print -->
      </class> <!-- JiraAPI -->
    </test> <!-- Default test -->
  </suite> <!-- Default suite -->
</testng-results>
